<?xml version="1.0" encoding="UTF-8"?>
<testsuite xmlns:xsi="http://www.w3.org/2001/XMLSchema-instance" xsi:noNamespaceSchemaLocation="https://maven.apache.org/surefire/maven-surefire-plugin/xsd/surefire-test-report.xsd" version="3.0.2" name="TestSuite" time="180.937" tests="4" errors="0" skipped="0" failures="4">
  <properties>
[...]
</properties>
  <testcase name="validateSiteAccessibility" classname="webuitests.UnitTests" time="0.398">
    <failure message="The following asserts failed:&#10;	expected [https://parabank.parasoft.com/parabank/index.html] but found [https://parabank.parasoft.com/parabank/index.htm]" type="java.lang.AssertionError"><![CDATA[java.lang.AssertionError: 
The following asserts failed:
	expected [https://parabank.parasoft.com/parabank/index.html] but found [https://parabank.parasoft.com/parabank/index.htm]
	at org.testng.asserts.SoftAssert.assertAll(SoftAssert.java:47)
	at org.testng.asserts.SoftAssert.assertAll(SoftAssert.java:31)
	at webuitests.UnitTests.validateSiteAccessibility(UnitTests.java:16)
	at java.base/jdk.internal.reflect.DirectMethodHandleAccessor.invoke(DirectMethodHandleAccessor.java:103)
	at java.base/java.lang.reflect.Method.invoke(Method.java:580)
	at org.testng.internal.MethodInvocationHelper.invokeMethod(MethodInvocationHelper.java:133)
	at org.testng.internal.TestInvoker.invokeMethod(TestInvoker.java:584)
	at org.testng.internal.TestInvoker.invokeTestMethod(TestInvoker.java:172)
	at org.testng.internal.MethodRunner.runInSequence(MethodRunner.java:46)
	at org.testng.internal.TestInvoker$MethodInvocationAgent.invoke(TestInvoker.java:804)
	at org.testng.internal.TestInvoker.invokeTestMethods(TestInvoker.java:145)
	at org.testng.internal.TestMethodWorker.invokeTestMethods(TestMethodWorker.java:146)
	at org.testng.internal.TestMethodWorker.run(TestMethodWorker.java:128)
	at java.base/java.util.concurrent.ThreadPoolExecutor.runWorker(ThreadPoolExecutor.java:1144)
	at java.base/java.util.concurrent.ThreadPoolExecutor$Worker.run(ThreadPoolExecutor.java:642)
	at java.base/java.lang.Thread.run(Thread.java:1583)
]]></failure>
    <system-out><![CDATA[C:\Users\ksibinda\2024 Projects\Java-Projects\AutoVerify/extent-reports/chrome-report.html
C:\Users\ksibinda\2024 Projects\Java-Projects\AutoVerify/extent-reports/chrome-report.html
BeforeTest: Setting up WebDriverUtil manager for browser: chrome
Setting up WebDriverManager for browser: chrome
BeforeMethod: Setting up WebDriverUtil for browser: chrome
BeforeMethod: Setting up WebDriverUtil for browser: chrome
Setting up WebDriver for browser: chrome
Setting up WebDriver for browser: chrome
WebDriver initialized: true
WebDriver initialized: true
BeforeMethod: Navigating to Parabank
BeforeMethod: Navigating to Parabank
Navigating to URL: https://parabank.parasoft.com/
Navigating to URL: https://parabank.parasoft.com/
]]></system-out>
    <system-err><![CDATA[SLF4J(W): No SLF4J providers were found.
SLF4J(W): Defaulting to no-operation (NOP) logger implementation
SLF4J(W): See https://www.slf4j.org/codes.html#noProviders for further details.
Oct 16, 2024 8:10:46 PM org.openqa.selenium.devtools.CdpVersionFinder findNearestMatch
WARNING: Unable to find an exact match for CDP version 130, returning the closest version; found: 126; Please update to a Selenium version that supports CDP version 130
Oct 16, 2024 8:10:46 PM org.openqa.selenium.devtools.CdpVersionFinder findNearestMatch
WARNING: Unable to find an exact match for CDP version 130, returning the closest version; found: 126; Please update to a Selenium version that supports CDP version 130
]]></system-err>
  </testcase>
  <testcase name="validateSiteAccessibility" classname="webuitests.UnitTests" time="0.259">
    <failure message="The following asserts failed:&#10;	expected [https://parabank.parasoft.com/parabank/index.html] but found [https://parabank.parasoft.com/parabank/index.htm]" type="java.lang.AssertionError"><![CDATA[java.lang.AssertionError: 
The following asserts failed:
	expected [https://parabank.parasoft.com/parabank/index.html] but found [https://parabank.parasoft.com/parabank/index.htm]
	at org.testng.asserts.SoftAssert.assertAll(SoftAssert.java:47)
	at org.testng.asserts.SoftAssert.assertAll(SoftAssert.java:31)
	at webuitests.UnitTests.validateSiteAccessibility(UnitTests.java:16)
	at java.base/jdk.internal.reflect.DirectMethodHandleAccessor.invoke(DirectMethodHandleAccessor.java:103)
	at java.base/java.lang.reflect.Method.invoke(Method.java:580)
	at org.testng.internal.MethodInvocationHelper.invokeMethod(MethodInvocationHelper.java:133)
	at org.testng.internal.TestInvoker.invokeMethod(TestInvoker.java:584)
	at org.testng.internal.TestInvoker.invokeTestMethod(TestInvoker.java:172)
	at org.testng.internal.MethodRunner.runInSequence(MethodRunner.java:46)
	at org.testng.internal.TestInvoker$MethodInvocationAgent.invoke(TestInvoker.java:804)
	at org.testng.internal.TestInvoker.invokeTestMethods(TestInvoker.java:145)
	at org.testng.internal.TestMethodWorker.invokeTestMethods(TestMethodWorker.java:146)
	at org.testng.internal.TestMethodWorker.run(TestMethodWorker.java:128)
	at java.base/java.util.concurrent.ThreadPoolExecutor.runWorker(ThreadPoolExecutor.java:1144)
	at java.base/java.util.concurrent.ThreadPoolExecutor$Worker.run(ThreadPoolExecutor.java:642)
	at java.base/java.lang.Thread.run(Thread.java:1583)
]]></failure>
    <system-out><![CDATA[AfterMethod: Quitting WebDriverUtil
C:\Users\ksibinda\2024 Projects\Java-Projects\AutoVerify/extent-reports/edge-report.html
BeforeTest: Setting up WebDriverUtil manager for browser: edge
Setting up WebDriverManager for browser: edge
BeforeMethod: Setting up WebDriverUtil for browser: edge
BeforeMethod: Setting up WebDriverUtil for browser: edge
Setting up WebDriver for browser: edge
Setting up WebDriver for browser: edge
WebDriver initialized: true
BeforeMethod: Navigating to Parabank
Navigating to URL: https://parabank.parasoft.com/
WebDriver initialized: true
BeforeMethod: Navigating to Parabank
Navigating to URL: https://parabank.parasoft.com/
]]></system-out>
    <system-err><![CDATA[Oct 16, 2024 8:13:19 PM org.openqa.selenium.devtools.CdpVersionFinder findNearestMatch
WARNING: Unable to find an exact match for CDP version 129, returning the closest version; found: 126; Please update to a Selenium version that supports CDP version 129
Oct 16, 2024 8:13:20 PM org.openqa.selenium.devtools.CdpVersionFinder findNearestMatch
WARNING: Unable to find an exact match for CDP version 129, returning the closest version; found: 126; Please update to a Selenium version that supports CDP version 129
]]></system-err>
  </testcase>
  <testcase name="validateLoginFailure[tester23@gmail.com, tester23](1)" classname="webuitests.UnitTests" time="1.676">
    <failure message="The following asserts failed:&#10;	expected [https://parabank.parasoft.com/parabank/index.html] but found [https://parabank.parasoft.com/parabank/index.htm]" type="java.lang.AssertionError"><![CDATA[java.lang.AssertionError: 
The following asserts failed:
	expected [https://parabank.parasoft.com/parabank/index.html] but found [https://parabank.parasoft.com/parabank/index.htm]
	at org.testng.asserts.SoftAssert.assertAll(SoftAssert.java:47)
	at org.testng.asserts.SoftAssert.assertAll(SoftAssert.java:31)
	at webuitests.UnitTests.validateLoginFailure(UnitTests.java:25)
	at java.base/jdk.internal.reflect.DirectMethodHandleAccessor.invoke(DirectMethodHandleAccessor.java:103)
	at java.base/java.lang.reflect.Method.invoke(Method.java:580)
	at org.testng.internal.MethodInvocationHelper.invokeMethod(MethodInvocationHelper.java:133)
	at org.testng.internal.TestInvoker.invokeMethod(TestInvoker.java:584)
	at org.testng.internal.TestInvoker.invokeTestMethod(TestInvoker.java:172)
	at org.testng.internal.MethodRunner.runInSequence(MethodRunner.java:46)
	at org.testng.internal.TestInvoker$MethodInvocationAgent.invoke(TestInvoker.java:804)
	at org.testng.internal.TestInvoker.invokeTestMethods(TestInvoker.java:145)
	at org.testng.internal.TestMethodWorker.invokeTestMethods(TestMethodWorker.java:146)
	at org.testng.internal.TestMethodWorker.run(TestMethodWorker.java:128)
	at java.base/java.util.concurrent.ThreadPoolExecutor.runWorker(ThreadPoolExecutor.java:1144)
	at java.base/java.util.concurrent.ThreadPoolExecutor$Worker.run(ThreadPoolExecutor.java:642)
	at java.base/java.lang.Thread.run(Thread.java:1583)
]]></failure>
    <system-out><![CDATA[AfterMethod: Quitting WebDriverUtil
]]></system-out>
  </testcase>
  <testcase name="validateLoginFailure[tester23@gmail.com, tester23](1)" classname="webuitests.UnitTests" time="1.483">
    <failure message="The following asserts failed:&#10;	expected [https://parabank.parasoft.com/parabank/index.html] but found [https://parabank.parasoft.com/parabank/index.htm]" type="java.lang.AssertionError"><![CDATA[java.lang.AssertionError: 
The following asserts failed:
	expected [https://parabank.parasoft.com/parabank/index.html] but found [https://parabank.parasoft.com/parabank/index.htm]
	at org.testng.asserts.SoftAssert.assertAll(SoftAssert.java:47)
	at org.testng.asserts.SoftAssert.assertAll(SoftAssert.java:31)
	at webuitests.UnitTests.validateLoginFailure(UnitTests.java:25)
	at java.base/jdk.internal.reflect.DirectMethodHandleAccessor.invoke(DirectMethodHandleAccessor.java:103)
	at java.base/java.lang.reflect.Method.invoke(Method.java:580)
	at org.testng.internal.MethodInvocationHelper.invokeMethod(MethodInvocationHelper.java:133)
	at org.testng.internal.TestInvoker.invokeMethod(TestInvoker.java:584)
	at org.testng.internal.TestInvoker.invokeTestMethod(TestInvoker.java:172)
	at org.testng.internal.MethodRunner.runInSequence(MethodRunner.java:46)
	at org.testng.internal.TestInvoker$MethodInvocationAgent.invoke(TestInvoker.java:804)
	at org.testng.internal.TestInvoker.invokeTestMethods(TestInvoker.java:145)
	at org.testng.internal.TestMethodWorker.invokeTestMethods(TestMethodWorker.java:146)
	at org.testng.internal.TestMethodWorker.run(TestMethodWorker.java:128)
	at java.base/java.util.concurrent.ThreadPoolExecutor.runWorker(ThreadPoolExecutor.java:1144)
	at java.base/java.util.concurrent.ThreadPoolExecutor$Worker.run(ThreadPoolExecutor.java:642)
	at java.base/java.lang.Thread.run(Thread.java:1583)
]]></failure>
    <system-out><![CDATA[AfterMethod: Quitting WebDriverUtil
]]></system-out>
  </testcase>
</testsuite>