<?xml version="1.0" encoding="UTF-8"?>
<testng-results ignored="0" total="0" passed="0" failed="0" skipped="0">
  <reporter-output>
  </reporter-output>
  <suite started-at="2024-10-19T18:02:35 SAST" name="All Test Suite" finished-at="2024-10-19T18:02:36 SAST" duration-ms="920">
    <groups>
    </groups>
    <test started-at="2024-10-19T18:02:35 SAST" name="First Test" finished-at="2024-10-19T18:02:36 SAST" duration-ms="619">
      <class name="webuitests.UnitTests">
        <test-method is-config="true" signature="beforeTest(java.lang.String)[pri:0, instance:webuitests.UnitTests@69930714]" started-at="2024-10-19T18:02:35 SAST" name="beforeTest" finished-at="2024-10-19T18:02:36 SAST" duration-ms="398" status="PASS">
          <params>
            <param index="0">
              <value>
                <![CDATA[chrome]]>
              </value>
            </param>
          </params>
          <reporter-output>
          </reporter-output>
        </test-method> <!-- beforeTest -->
      </class> <!-- webuitests.UnitTests -->
    </test> <!-- First Test -->
    <test started-at="2024-10-19T18:02:36 SAST" name="Second Test" finished-at="2024-10-19T18:02:36 SAST" duration-ms="28">
      <class name="webuitests.UnitTests">
        <test-method is-config="true" signature="beforeTest(java.lang.String)[pri:0, instance:webuitests.UnitTests@23529fee]" started-at="2024-10-19T18:02:36 SAST" name="beforeTest" finished-at="2024-10-19T18:02:36 SAST" duration-ms="28" status="PASS">
          <params>
            <param index="0">
              <value>
                <![CDATA[edge]]>
              </value>
            </param>
          </params>
          <reporter-output>
          </reporter-output>
        </test-method> <!-- beforeTest -->
      </class> <!-- webuitests.UnitTests -->
    </test> <!-- Second Test -->
  </suite> <!-- All Test Suite -->
</testng-results>
