<?xml version="1.0" encoding="UTF-8"?>
<testng-results ignored="0" total="2" passed="2" failed="0" skipped="0">
  <reporter-output>
  </reporter-output>
  <suite started-at="2024-10-21T18:51:27 SAST" name="All Test Suite" finished-at="2024-10-21T18:51:27 SAST" duration-ms="87">
    <groups>
    </groups>
    <test started-at="2024-10-21T18:51:27 SAST" name="First Test" finished-at="2024-10-21T18:51:27 SAST" duration-ms="37">
      <class name="webuitests.UnitTests">
        <test-method signature="demoTest()[pri:0, instance:webuitests.UnitTests@78dd667e]" started-at="2024-10-21T18:51:27 SAST" name="demoTest" finished-at="2024-10-21T18:51:27 SAST" duration-ms="8" status="PASS">
          <reporter-output>
          </reporter-output>
        </test-method> <!-- demoTest -->
      </class> <!-- webuitests.UnitTests -->
    </test> <!-- First Test -->
    <test started-at="2024-10-21T18:51:27 SAST" name="Second Test" finished-at="2024-10-21T18:51:27 SAST" duration-ms="2">
      <class name="webuitests.UnitTests">
        <test-method signature="demoTest()[pri:0, instance:webuitests.UnitTests@233fe9b6]" started-at="2024-10-21T18:51:27 SAST" name="demoTest" finished-at="2024-10-21T18:51:27 SAST" duration-ms="0" status="PASS">
          <reporter-output>
          </reporter-output>
        </test-method> <!-- demoTest -->
      </class> <!-- webuitests.UnitTests -->
    </test> <!-- Second Test -->
  </suite> <!-- All Test Suite -->
</testng-results>
